{"/home/fran/Documentos/FRAN/IngSWIII/app.js": {"path":"/home/fran/Documentos/FRAN/IngSWIII/app.js","statementMap":{"0":{"start":{"line":1,"column":16},"end":{"line":1,"column":34}},"1":{"start":{"line":2,"column":19},"end":{"line":2,"column":41}},"2":{"start":{"line":3,"column":13},"end":{"line":3,"column":28}},"3":{"start":{"line":4,"column":0},"end":{"line":4,"column":26}},"4":{"start":{"line":6,"column":12},"end":{"line":6,"column":21}},"5":{"start":{"line":8,"column":0},"end":{"line":8,"column":16}},"6":{"start":{"line":11,"column":0},"end":{"line":11,"column":27}},"7":{"start":{"line":14,"column":0},"end":{"line":14,"column":51}},"8":{"start":{"line":16,"column":0},"end":{"line":16,"column":37}},"9":{"start":{"line":18,"column":0},"end":{"line":18,"column":21}}},"fnMap":{},"branchMap":{},"s":{"0":1,"1":1,"2":1,"3":1,"4":1,"5":1,"6":1,"7":1,"8":1,"9":1},"f":{},"b":{},"_coverageSchema":"1a1c01bbd47fc00a2c39e90264f33305004495a9","hash":"c6773ae602006ce9e1a083b2b0a363972b0bf942"}
,"/home/fran/Documentos/FRAN/IngSWIII/config/db.config.js": {"path":"/home/fran/Documentos/FRAN/IngSWIII/config/db.config.js","statementMap":{"0":{"start":{"line":1,"column":0},"end":{"line":3,"column":2}}},"fnMap":{},"branchMap":{},"s":{"0":1},"f":{},"b":{},"_coverageSchema":"1a1c01bbd47fc00a2c39e90264f33305004495a9","hash":"b1ca79ac6d5585c4c32585ba83e40d6a55b4b9cd"}
,"/home/fran/Documentos/FRAN/IngSWIII/controllers/todo.controller.js": {"path":"/home/fran/Documentos/FRAN/IngSWIII/controllers/todo.controller.js","statementMap":{"0":{"start":{"line":1,"column":11},"end":{"line":1,"column":31}},"1":{"start":{"line":2,"column":13},"end":{"line":2,"column":20}},"2":{"start":{"line":5,"column":0},"end":{"line":31,"column":2}},"3":{"start":{"line":7,"column":2},"end":{"line":10,"column":3}},"4":{"start":{"line":8,"column":4},"end":{"line":8,"column":62}},"5":{"start":{"line":9,"column":4},"end":{"line":9,"column":11}},"6":{"start":{"line":13,"column":15},"end":{"line":16,"column":4}},"7":{"start":{"line":19,"column":2},"end":{"line":30,"column":7}},"8":{"start":{"line":22,"column":6},"end":{"line":22,"column":24}},"9":{"start":{"line":23,"column":6},"end":{"line":23,"column":21}},"10":{"start":{"line":26,"column":6},"end":{"line":29,"column":9}},"11":{"start":{"line":34,"column":0},"end":{"line":48,"column":2}},"12":{"start":{"line":35,"column":2},"end":{"line":47,"column":7}},"13":{"start":{"line":38,"column":6},"end":{"line":38,"column":24}},"14":{"start":{"line":39,"column":6},"end":{"line":39,"column":40}},"15":{"start":{"line":40,"column":6},"end":{"line":40,"column":21}},"16":{"start":{"line":43,"column":6},"end":{"line":46,"column":9}},"17":{"start":{"line":51,"column":0},"end":{"line":53,"column":2}},"18":{"start":{"line":56,"column":0},"end":{"line":58,"column":2}},"19":{"start":{"line":61,"column":0},"end":{"line":63,"column":2}},"20":{"start":{"line":66,"column":0},"end":{"line":80,"column":2}},"21":{"start":{"line":67,"column":2},"end":{"line":79,"column":5}},"22":{"start":{"line":70,"column":4},"end":{"line":72,"column":7}},"23":{"start":{"line":75,"column":4},"end":{"line":78,"column":7}}},"fnMap":{"0":{"name":"(anonymous_0)","decl":{"start":{"line":5,"column":17},"end":{"line":5,"column":18}},"loc":{"start":{"line":5,"column":31},"end":{"line":31,"column":1}},"line":5},"1":{"name":"(anonymous_1)","decl":{"start":{"line":21,"column":10},"end":{"line":21,"column":11}},"loc":{"start":{"line":21,"column":18},"end":{"line":24,"column":5}},"line":21},"2":{"name":"(anonymous_2)","decl":{"start":{"line":25,"column":11},"end":{"line":25,"column":12}},"loc":{"start":{"line":25,"column":18},"end":{"line":30,"column":5}},"line":25},"3":{"name":"(anonymous_3)","decl":{"start":{"line":34,"column":18},"end":{"line":34,"column":19}},"loc":{"start":{"line":34,"column":32},"end":{"line":48,"column":1}},"line":34},"4":{"name":"(anonymous_4)","decl":{"start":{"line":37,"column":10},"end":{"line":37,"column":11}},"loc":{"start":{"line":37,"column":18},"end":{"line":41,"column":5}},"line":37},"5":{"name":"(anonymous_5)","decl":{"start":{"line":42,"column":11},"end":{"line":42,"column":12}},"loc":{"start":{"line":42,"column":18},"end":{"line":47,"column":5}},"line":42},"6":{"name":"(anonymous_6)","decl":{"start":{"line":51,"column":18},"end":{"line":51,"column":19}},"loc":{"start":{"line":51,"column":32},"end":{"line":53,"column":1}},"line":51},"7":{"name":"(anonymous_7)","decl":{"start":{"line":56,"column":17},"end":{"line":56,"column":18}},"loc":{"start":{"line":56,"column":31},"end":{"line":58,"column":1}},"line":56},"8":{"name":"(anonymous_8)","decl":{"start":{"line":61,"column":17},"end":{"line":61,"column":18}},"loc":{"start":{"line":61,"column":31},"end":{"line":63,"column":1}},"line":61},"9":{"name":"(anonymous_9)","decl":{"start":{"line":66,"column":20},"end":{"line":66,"column":21}},"loc":{"start":{"line":66,"column":34},"end":{"line":80,"column":1}},"line":66},"10":{"name":"(anonymous_10)","decl":{"start":{"line":69,"column":10},"end":{"line":69,"column":11}},"loc":{"start":{"line":69,"column":18},"end":{"line":73,"column":3}},"line":69},"11":{"name":"(anonymous_11)","decl":{"start":{"line":74,"column":9},"end":{"line":74,"column":10}},"loc":{"start":{"line":74,"column":16},"end":{"line":79,"column":3}},"line":74}},"branchMap":{"0":{"loc":{"start":{"line":7,"column":2},"end":{"line":10,"column":3}},"type":"if","locations":[{"start":{"line":7,"column":2},"end":{"line":10,"column":3}},{"start":{},"end":{}}],"line":7},"1":{"loc":{"start":{"line":28,"column":10},"end":{"line":28,"column":50}},"type":"binary-expr","locations":[{"start":{"line":28,"column":10},"end":{"line":28,"column":21}},{"start":{"line":28,"column":25},"end":{"line":28,"column":50}}],"line":28},"2":{"loc":{"start":{"line":45,"column":10},"end":{"line":45,"column":43}},"type":"binary-expr","locations":[{"start":{"line":45,"column":10},"end":{"line":45,"column":21}},{"start":{"line":45,"column":25},"end":{"line":45,"column":43}}],"line":45},"3":{"loc":{"start":{"line":77,"column":8},"end":{"line":77,"column":41}},"type":"binary-expr","locations":[{"start":{"line":77,"column":8},"end":{"line":77,"column":19}},{"start":{"line":77,"column":23},"end":{"line":77,"column":41}}],"line":77}},"s":{"0":1,"1":1,"2":1,"3":0,"4":0,"5":0,"6":0,"7":0,"8":0,"9":0,"10":0,"11":1,"12":1,"13":1,"14":1,"15":1,"16":0,"17":1,"18":1,"19":1,"20":1,"21":0,"22":0,"23":0},"f":{"0":0,"1":0,"2":0,"3":1,"4":1,"5":0,"6":0,"7":0,"8":0,"9":0,"10":0,"11":0},"b":{"0":[0,0],"1":[0,0],"2":[0,0],"3":[0,0]},"_coverageSchema":"1a1c01bbd47fc00a2c39e90264f33305004495a9","hash":"3e43af9ef300892208590c2d93d5f7d97cbd0088"}
,"/home/fran/Documentos/FRAN/IngSWIII/models/index.js": {"path":"/home/fran/Documentos/FRAN/IngSWIII/models/index.js","statementMap":{"0":{"start":{"line":1,"column":17},"end":{"line":1,"column":50}},"1":{"start":{"line":3,"column":17},"end":{"line":3,"column":36}},"2":{"start":{"line":4,"column":0},"end":{"line":4,"column":34}},"3":{"start":{"line":6,"column":11},"end":{"line":6,"column":13}},"4":{"start":{"line":7,"column":0},"end":{"line":7,"column":23}},"5":{"start":{"line":8,"column":0},"end":{"line":8,"column":22}},"6":{"start":{"line":9,"column":0},"end":{"line":9,"column":47}},"7":{"start":{"line":11,"column":0},"end":{"line":11,"column":20}}},"fnMap":{},"branchMap":{},"s":{"0":1,"1":1,"2":1,"3":1,"4":1,"5":1,"6":1,"7":1},"f":{},"b":{},"_coverageSchema":"1a1c01bbd47fc00a2c39e90264f33305004495a9","hash":"01ad4a07019e22d5e84337ccb893a69960d074f9"}
,"/home/fran/Documentos/FRAN/IngSWIII/models/todo.model.js": {"path":"/home/fran/Documentos/FRAN/IngSWIII/models/todo.model.js","statementMap":{"0":{"start":{"line":1,"column":0},"end":{"line":14,"column":4}},"1":{"start":{"line":2,"column":17},"end":{"line":11,"column":5}},"2":{"start":{"line":13,"column":4},"end":{"line":13,"column":16}}},"fnMap":{"0":{"name":"(anonymous_0)","decl":{"start":{"line":1,"column":17},"end":{"line":1,"column":18}},"loc":{"start":{"line":1,"column":29},"end":{"line":14,"column":3}},"line":1}},"branchMap":{},"s":{"0":1,"1":1,"2":1},"f":{"0":1},"b":{},"_coverageSchema":"1a1c01bbd47fc00a2c39e90264f33305004495a9","hash":"c8f60f91dd09a23541c969bb23d80ae98b7a432b"}
,"/home/fran/Documentos/FRAN/IngSWIII/routes/todo.routes.js": {"path":"/home/fran/Documentos/FRAN/IngSWIII/routes/todo.routes.js","statementMap":{"0":{"start":{"line":1,"column":0},"end":{"line":28,"column":4}},"1":{"start":{"line":2,"column":17},"end":{"line":2,"column":61}},"2":{"start":{"line":4,"column":17},"end":{"line":4,"column":44}},"3":{"start":{"line":7,"column":3},"end":{"line":7,"column":33}},"4":{"start":{"line":10,"column":3},"end":{"line":10,"column":33}},"5":{"start":{"line":13,"column":3},"end":{"line":13,"column":38}},"6":{"start":{"line":27,"column":4},"end":{"line":27,"column":33}}},"fnMap":{"0":{"name":"(anonymous_0)","decl":{"start":{"line":1,"column":17},"end":{"line":1,"column":18}},"loc":{"start":{"line":1,"column":24},"end":{"line":28,"column":3}},"line":1}},"branchMap":{},"s":{"0":1,"1":1,"2":1,"3":1,"4":1,"5":1,"6":1},"f":{"0":1},"b":{},"_coverageSchema":"1a1c01bbd47fc00a2c39e90264f33305004495a9","hash":"2ab202c40e3de964668733b739e9a1d0591d68c1"}
}
